<?xml version="1.0" encoding="UTF-8"?>
<!-- Generated by org.testng.reporters.JUnitReportReporter -->
<testsuite hostname="LAPTOP-DOU0HDLB" name="qa.mastercard.TestSentances" tests="5" failures="0" timestamp="24 Jan 2020 23:45:57 GMT" time="0.062" errors="0">
  <testcase name="lenthofsentance3" time="0.003" classname="qa.mastercard.TestSentances"/>
  <testcase name="lenthofsentance4" time="0.004" classname="qa.mastercard.TestSentances"/>
  <testcase name="lenthofsentance" time="0.045" classname="qa.mastercard.TestSentances"/>
  <testcase name="lenthofsentance5" time="0.002" classname="qa.mastercard.TestSentances"/>
  <testcase name="lenthofsentance2" time="0.008" classname="qa.mastercard.TestSentances"/>
</testsuite> <!-- qa.mastercard.TestSentances -->
